Fri Jul 10 2020 16:31:10 GMT-0400 (Eastern Daylight Time) Ohio
Fri Jul 10 2020 16:31:10 GMT-0400 (Eastern Daylight Time) 2020-07-09
Fri Jul 10 2020 16:31:10 GMT-0400 (Eastern Daylight Time) 61331
Fri Jul 10 2020 16:31:10 GMT-0400 (Eastern Daylight Time) 1150
Fri Jul 10 2020 16:31:10 GMT-0400 (Eastern Daylight Time) 58325
Fri Jul 10 2020 16:31:10 GMT-0400 (Eastern Daylight Time) 1135
Fri Jul 10 2020 16:31:10 GMT-0400 (Eastern Daylight Time) 3006
Fri Jul 10 2020 16:31:10 GMT-0400 (Eastern Daylight Time) 15
Fri Jul 10 2020 16:31:14 GMT-0400 (Eastern Daylight Time) Ohio
Fri Jul 10 2020 16:31:16 GMT-0400 (Eastern Daylight Time) ok
Sat Jul 11 2020 22:13:44 GMT-0400 (Eastern Daylight Time) Ohio
Sat Jul 11 2020 22:13:44 GMT-0400 (Eastern Daylight Time) 2020-07-10
Sat Jul 11 2020 22:13:44 GMT-0400 (Eastern Daylight Time) 62856
Sat Jul 11 2020 22:13:44 GMT-0400 (Eastern Daylight Time) 1525
Sat Jul 11 2020 22:13:44 GMT-0400 (Eastern Daylight Time) 59824
Sat Jul 11 2020 22:13:44 GMT-0400 (Eastern Daylight Time) 1499
Sat Jul 11 2020 22:13:44 GMT-0400 (Eastern Daylight Time) 3032
Sat Jul 11 2020 22:13:44 GMT-0400 (Eastern Daylight Time) 26
Sat Jul 11 2020 22:14:00 GMT-0400 (Eastern Daylight Time) Ohio
Sat Jul 11 2020 22:14:11 GMT-0400 (Eastern Daylight Time) ok
Sat Jul 11 2020 22:18:16 GMT-0400 (Eastern Daylight Time) Ohio
Sat Jul 11 2020 22:18:16 GMT-0400 (Eastern Daylight Time) 2020-07-10
Sat Jul 11 2020 22:18:16 GMT-0400 (Eastern Daylight Time) 62856
Sat Jul 11 2020 22:18:16 GMT-0400 (Eastern Daylight Time) 1525
Sat Jul 11 2020 22:18:16 GMT-0400 (Eastern Daylight Time) 59824
Sat Jul 11 2020 22:18:16 GMT-0400 (Eastern Daylight Time) 1499
Sat Jul 11 2020 22:18:16 GMT-0400 (Eastern Daylight Time) 3032
Sat Jul 11 2020 22:18:16 GMT-0400 (Eastern Daylight Time) 26
Sat Jul 11 2020 22:18:21 GMT-0400 (Eastern Daylight Time) Ohio
Sat Jul 11 2020 22:18:25 GMT-0400 (Eastern Daylight Time) ok
